TN:
SF:C:\Users\rafael.padua\vivo\TRANSFORMERS\src-micro-service-typescript-fetch-client-line\src\repository\fetch-client-line.repository.ts
FN:13,(anonymous_2)
FN:17,(anonymous_3)
FN:25,(anonymous_4)
FN:45,(anonymous_5)
FNF:4
FNH:1
FNDA:3,(anonymous_2)
FNDA:0,(anonymous_3)
FNDA:0,(anonymous_4)
FNDA:0,(anonymous_5)
DA:1,2
DA:2,2
DA:4,2
DA:5,2
DA:12,2
DA:14,3
DA:18,0
DA:20,0
DA:24,0
DA:26,0
DA:27,0
DA:32,0
DA:35,0
DA:40,0
DA:46,0
DA:51,0
LF:16
LH:6
BRDA:26,0,0,0
BRDA:26,0,1,0
BRF:2
BRH:0
end_of_record
TN:
SF:C:\Users\rafael.padua\vivo\TRANSFORMERS\src-micro-service-typescript-fetch-client-line\src\services\fetch-client-line.service.ts
FN:12,(anonymous_2)
FN:18,(anonymous_3)
FN:27,(anonymous_4)
FN:29,(anonymous_5)
FN:42,(anonymous_6)
FNF:5
FNH:5
FNDA:1,(anonymous_2)
FNDA:1,(anonymous_3)
FNDA:1,(anonymous_4)
FNDA:1,(anonymous_5)
FNDA:1,(anonymous_6)
DA:1,1
DA:2,1
DA:3,1
DA:4,1
DA:11,1
DA:13,1
DA:15,1
DA:19,1
DA:20,1
DA:23,1
DA:24,1
DA:28,1
DA:29,1
DA:31,1
DA:32,1
DA:34,0
DA:35,0
DA:43,1
DA:45,1
DA:52,1
LF:20
LH:18
BRDA:31,0,0,1
BRDA:31,0,1,0
BRDA:34,1,0,0
BRDA:34,1,1,0
BRF:4
BRH:1
end_of_record
TN:
SF:C:\Users\rafael.padua\vivo\TRANSFORMERS\src-micro-service-typescript-fetch-client-line\src\utils\error.utils.ts
FN:10,(anonymous_0)
FN:50,(anonymous_1)
FNF:2
FNH:2
FNDA:5,(anonymous_0)
FNDA:5,(anonymous_1)
DA:1,3
DA:7,3
DA:9,3
DA:13,5
DA:14,0
DA:17,5
DA:19,5
DA:21,5
DA:23,1
DA:28,1
DA:33,1
DA:38,1
DA:43,1
DA:51,5
DA:53,1
DA:58,1
DA:63,1
DA:68,1
DA:73,1
LF:19
LH:18
BRDA:13,0,0,0
BRDA:13,0,1,5
BRDA:17,1,0,0
BRDA:17,1,1,5
BRDA:17,2,0,5
BRDA:17,2,1,5
BRDA:19,3,0,5
BRDA:19,3,1,0
BRDA:19,4,0,5
BRDA:19,4,1,0
BRDA:22,5,0,1
BRDA:22,5,1,1
BRDA:22,5,2,1
BRDA:22,5,3,1
BRDA:22,5,4,1
BRDA:52,6,0,1
BRDA:52,6,1,1
BRDA:52,6,2,1
BRDA:52,6,3,1
BRDA:52,6,4,1
BRF:20
BRH:16
end_of_record
TN:
SF:C:\Users\rafael.padua\vivo\TRANSFORMERS\src-micro-service-typescript-fetch-client-line\test\mocks\fetchClientLine.mock.ts
FNF:0
FNH:0
DA:1,2
LF:1
LH:1
BRF:0
BRH:0
end_of_record
