TN:
SF:C:\Users\rafael.padua\vivo\TRANSFORMERS\src-micro-service-typescript-fetch-client-line\src\repository\fetch-client-line.repository.ts
FN:13,(anonymous_9)
FN:17,(anonymous_10)
FN:25,(anonymous_12)
FN:45,(anonymous_13)
FNF:4
FNH:4
FNDA:4,(anonymous_9)
FNDA:3,(anonymous_10)
FNDA:3,(anonymous_12)
FNDA:1,(anonymous_13)
DA:1,2
DA:2,2
DA:4,2
DA:5,2
DA:12,2
DA:14,4
DA:18,3
DA:20,3
DA:24,3
DA:26,3
DA:27,2
DA:32,2
DA:35,1
DA:40,1
DA:46,1
DA:51,1
LF:16
LH:16
BRDA:26,0,0,2
BRDA:26,0,1,1
BRF:2
BRH:2
end_of_record
TN:
SF:C:\Users\rafael.padua\vivo\TRANSFORMERS\src-micro-service-typescript-fetch-client-line\src\services\fetch-client-line.service.ts
FN:8,(anonymous_9)
FN:14,(anonymous_10)
FN:23,(anonymous_12)
FN:25,(anonymous_13)
FN:34,(anonymous_14)
FNF:5
FNH:5
FNDA:2,(anonymous_9)
FNDA:2,(anonymous_10)
FNDA:2,(anonymous_12)
FNDA:2,(anonymous_13)
FNDA:1,(anonymous_14)
DA:1,1
DA:2,1
DA:3,1
DA:4,1
DA:7,1
DA:9,2
DA:11,2
DA:15,2
DA:16,2
DA:19,2
DA:20,1
DA:24,2
DA:25,2
DA:28,2
DA:29,1
DA:31,1
DA:35,1
DA:37,1
DA:44,1
LF:19
LH:19
BRDA:28,0,0,1
BRDA:28,0,1,1
BRF:2
BRH:2
end_of_record
TN:
SF:C:\Users\rafael.padua\vivo\TRANSFORMERS\src-micro-service-typescript-fetch-client-line\src\utils\error.utils.ts
FN:10,(anonymous_0)
FN:50,(anonymous_1)
FNF:2
FNH:2
FNDA:6,(anonymous_0)
FNDA:6,(anonymous_1)
DA:1,3
DA:7,3
DA:9,3
DA:13,6
DA:14,1
DA:17,5
DA:19,5
DA:21,5
DA:23,1
DA:28,1
DA:33,1
DA:38,1
DA:43,1
DA:51,6
DA:53,1
DA:58,1
DA:63,2
DA:68,1
DA:73,1
LF:19
LH:19
BRDA:13,0,0,1
BRDA:13,0,1,5
BRDA:17,1,0,0
BRDA:17,1,1,5
BRDA:17,2,0,5
BRDA:17,2,1,5
BRDA:19,3,0,5
BRDA:19,3,1,0
BRDA:19,4,0,5
BRDA:19,4,1,0
BRDA:22,5,0,1
BRDA:22,5,1,1
BRDA:22,5,2,1
BRDA:22,5,3,1
BRDA:22,5,4,1
BRDA:52,6,0,1
BRDA:52,6,1,1
BRDA:52,6,2,2
BRDA:52,6,3,1
BRDA:52,6,4,1
BRF:20
BRH:17
end_of_record
TN:
SF:C:\Users\rafael.padua\vivo\TRANSFORMERS\src-micro-service-typescript-fetch-client-line\test\mocks\fetchClientLine.mock.ts
FNF:0
FNH:0
DA:1,2
LF:1
LH:1
BRF:0
BRH:0
end_of_record
